<?xml version="1.0" encoding="UTF-8" ?>
<testsuite tests="3" failures="2" name="TestSuite" time="8.215" errors="0" skipped="1">
  <properties>
[...]
</properties>
  <testcase classname="com.course.cases.LoginTest" name="loginTrue" time="3.959">
    <failure message="Connection to http://localhost:8899 refused" type="org.apache.http.conn.HttpHostConnectException">org.apache.http.conn.HttpHostConnectException: Connection to http://localhost:8899 refused
	at org.apache.http.impl.conn.DefaultClientConnectionOperator.openConnection(DefaultClientConnectionOperator.java:158)
	at org.apache.http.impl.conn.AbstractPoolEntry.open(AbstractPoolEntry.java:149)
	at org.apache.http.impl.conn.AbstractPooledConnAdapter.open(AbstractPooledConnAdapter.java:121)
	at org.apache.http.impl.client.DefaultRequestDirector.tryConnect(DefaultRequestDirector.java:573)
	at org.apache.http.impl.client.DefaultRequestDirector.execute(DefaultRequestDirector.java:425)
	at org.apache.http.impl.client.AbstractHttpClient.execute(AbstractHttpClient.java:820)
	at org.apache.http.impl.client.AbstractHttpClient.execute(AbstractHttpClient.java:754)
	at org.apache.http.impl.client.AbstractHttpClient.execute(AbstractHttpClient.java:732)
	at com.course.cases.LoginTest.getResult(LoginTest.java:89)
	at com.course.cases.LoginTest.loginTrue(LoginTest.java:48)
Caused by: java.net.ConnectException: Connection refused: connect
	at java.net.DualStackPlainSocketImpl.connect0(Native Method)
	at java.net.DualStackPlainSocketImpl.socketConnect(DualStackPlainSocketImpl.java:79)
	at java.net.AbstractPlainSocketImpl.doConnect(AbstractPlainSocketImpl.java:350)
	at java.net.AbstractPlainSocketImpl.connectToAddress(AbstractPlainSocketImpl.java:206)
	at java.net.AbstractPlainSocketImpl.connect(AbstractPlainSocketImpl.java:188)
	at java.net.PlainSocketImpl.connect(PlainSocketImpl.java:172)
	at java.net.SocksSocketImpl.connect(SocksSocketImpl.java:392)
	at java.net.Socket.connect(Socket.java:589)
	at org.apache.http.conn.scheme.PlainSocketFactory.connectSocket(PlainSocketFactory.java:123)
	at org.apache.http.impl.conn.DefaultClientConnectionOperator.openConnection(DefaultClientConnectionOperator.java:148)
	... 42 more
</failure>
    <system-out>@HL
@HL-------------------------------------------------------
@HL T E S T S
@HL-------------------------------------------------------
@SLRunning TestSuite
LoginCase(id=1, userName=zhangsan, password=123456, expected=true)
http://localhost:8899/login
预期结果:true
</system-out>
  </testcase>
  <testcase classname="com.course.cases.LoginTest" name="loginFalse" time="2.075">
    <failure message="Connection to http://localhost:8899 refused" type="org.apache.http.conn.HttpHostConnectException">org.apache.http.conn.HttpHostConnectException: Connection to http://localhost:8899 refused
	at org.apache.http.impl.conn.DefaultClientConnectionOperator.openConnection(DefaultClientConnectionOperator.java:158)
	at org.apache.http.impl.conn.AbstractPoolEntry.open(AbstractPoolEntry.java:149)
	at org.apache.http.impl.conn.AbstractPooledConnAdapter.open(AbstractPooledConnAdapter.java:121)
	at org.apache.http.impl.client.DefaultRequestDirector.tryConnect(DefaultRequestDirector.java:573)
	at org.apache.http.impl.client.DefaultRequestDirector.execute(DefaultRequestDirector.java:425)
	at org.apache.http.impl.client.AbstractHttpClient.execute(AbstractHttpClient.java:820)
	at org.apache.http.impl.client.AbstractHttpClient.execute(AbstractHttpClient.java:754)
	at org.apache.http.impl.client.AbstractHttpClient.execute(AbstractHttpClient.java:732)
	at com.course.cases.LoginTest.getResult(LoginTest.java:89)
	at com.course.cases.LoginTest.loginFalse(LoginTest.java:65)
Caused by: java.net.ConnectException: Connection refused: connect
	at java.net.DualStackPlainSocketImpl.connect0(Native Method)
	at java.net.DualStackPlainSocketImpl.socketConnect(DualStackPlainSocketImpl.java:79)
	at java.net.AbstractPlainSocketImpl.doConnect(AbstractPlainSocketImpl.java:350)
	at java.net.AbstractPlainSocketImpl.connectToAddress(AbstractPlainSocketImpl.java:206)
	at java.net.AbstractPlainSocketImpl.connect(AbstractPlainSocketImpl.java:188)
	at java.net.PlainSocketImpl.connect(PlainSocketImpl.java:172)
	at java.net.SocksSocketImpl.connect(SocksSocketImpl.java:392)
	at java.net.Socket.connect(Socket.java:589)
	at org.apache.http.conn.scheme.PlainSocketFactory.connectSocket(PlainSocketFactory.java:123)
	at org.apache.http.impl.conn.DefaultClientConnectionOperator.openConnection(DefaultClientConnectionOperator.java:148)
	... 42 more
</failure>
    <system-out>LoginCase(id=2, userName=zhangsanerror, password=123, expected=false)
http://localhost:8899/login
</system-out>
  </testcase>
  <testcase classname="com.course.cases.GetUserInfoListTest" name="getUserListInfo" time="2.078">
    <skipped/>
  </testcase>
</testsuite>